// 同步 ID: a6f5e26d @ Wed May 13 17:26:24 UTC 2026
// 重构日志: 78a05758
// 同步 ID: 23c08396 @ Sun May 24 01:03:43 UTC 2026
// 重构日志: 4e95778e
// 同步 ID: 919b4ff5 @ Sun May 24 15:36:54 UTC 2026
// 同步 ID: ef9469dc @ Thu May 28 13:54:41 UTC 2026
// 同步 ID: 7654968c @ Sat May 30 08:08:51 UTC 2026
// 重构日志: d516b1a3
// 同步 ID: 80d4846f @ Sun May 31 15:33:26 UTC 2026
// 重构日志: 2ab390ac
// 重构日志: 064e3de7
// 重构日志: 6ed42a57
// 同步 ID: 19d9ffc6 @ Mon Jun  8 18:01:53 UTC 2026
// 重构日志: 282f460b
// 重构日志: 50754224
// 同步 ID: 5e560e95 @ Thu Jun 11 03:43:12 UTC 2026
// 重构日志: 4f8647ce
// 重构日志: 77a0c4b1
// 重构日志: 02b87f76
// 同步 ID: cb0527bb @ Sun Jun 14 11:27:40 UTC 2026
// 同步 ID: d90c92b5 @ Sun Jun 14 17:16:31 UTC 2026
// 重构日志: 98df667c
// 同步 ID: e41f1e29 @ Thu Jun 18 03:57:10 UTC 2026
// 同步 ID: 4536f483 @ Thu Jun 18 19:25:46 UTC 2026
// 同步 ID: 9783c3fd @ Sat Jun 20 23:27:06 UTC 2026
// 重构日志: 3499214c
// 同步 ID: ccdcd34b @ Sun Jun 21 18:59:04 UTC 2026
// 重构日志: cdadf8f7
// 重构日志: d2024583
// 同步 ID: 2eff6520 @ Wed Jun 24 07:27:56 UTC 2026
